2024-03-29T11:51:48.411+05:30  INFO 29796 --- [SimpleApplication] [main] c.n.SimpleApplication.SimpleApplication  : Starting SimpleApplication using Java 17.0.9 with PID 29796 (C:\Users\roshanbhatia\Documents\workspace-spring-tool-suite-4-4.21.0.RELEASE\SimpleApplication\target\classes started by roshanbhatia in C:\Users\roshanbhatia\Documents\workspace-spring-tool-suite-4-4.21.0.RELEASE\SimpleApplication)
2024-03-29T11:51:48.414+05:30  INFO 29796 --- [SimpleApplication] [main] c.n.SimpleApplication.SimpleApplication  : No active profile set, falling back to 1 default profile: "default"
2024-03-29T11:51:49.009+05:30  INFO 29796 --- [SimpleApplication] [main] o.s.b.w.embedded.tomcat.TomcatWebServer  : Tomcat initialized with port 8094 (http)
2024-03-29T11:51:49.018+05:30  INFO 29796 --- [SimpleApplication] [main] o.apache.catalina.core.StandardService   : Starting service [Tomcat]
2024-03-29T11:51:49.018+05:30  INFO 29796 --- [SimpleApplication] [main] o.apache.catalina.core.StandardEngine    : Starting Servlet engine: [Apache Tomcat/10.1.19]
2024-03-29T11:51:49.056+05:30  INFO 29796 --- [SimpleApplication] [main] o.a.c.c.C.[Tomcat].[localhost].[/]       : Initializing Spring embedded WebApplicationContext
2024-03-29T11:51:49.056+05:30  INFO 29796 --- [SimpleApplication] [main] w.s.c.ServletWebServerApplicationContext : Root WebApplicationContext: initialization completed in 609 ms
2024-03-29T11:51:49.297+05:30  WARN 29796 --- [SimpleApplication] [main] ConfigServletWebServerApplicationContext : Exception encountered during context initialization - cancelling refresh attempt: org.springframework.context.ApplicationContextException: Failed to start bean 'webServerStartStop'
2024-03-29T11:51:49.308+05:30  INFO 29796 --- [SimpleApplication] [main] .s.b.a.l.ConditionEvaluationReportLogger : 

Error starting ApplicationContext. To display the condition evaluation report re-run your application with 'debug' enabled.
2024-03-29T11:51:49.319+05:30 ERROR 29796 --- [SimpleApplication] [main] o.s.b.d.LoggingFailureAnalysisReporter   : 

***************************
APPLICATION FAILED TO START
***************************

Description:

Web server failed to start. Port 8094 was already in use.

Action:

Identify and stop the process that's listening on port 8094 or configure this application to listen on another port.

2024-03-29T11:56:35.558+05:30  INFO 15372 --- [SimpleApplication] [main] c.n.SimpleApplication.SimpleApplication  : Starting SimpleApplication using Java 17.0.9 with PID 15372 (C:\Users\roshanbhatia\Documents\workspace-spring-tool-suite-4-4.21.0.RELEASE\SimpleApplication\target\classes started by roshanbhatia in C:\Users\roshanbhatia\Documents\workspace-spring-tool-suite-4-4.21.0.RELEASE\SimpleApplication)
2024-03-29T11:56:35.569+05:30  INFO 15372 --- [SimpleApplication] [main] c.n.SimpleApplication.SimpleApplication  : No active profile set, falling back to 1 default profile: "default"
2024-03-29T11:56:36.173+05:30  INFO 15372 --- [SimpleApplication] [main] o.s.b.w.embedded.tomcat.TomcatWebServer  : Tomcat initialized with port 8094 (http)
2024-03-29T11:56:36.183+05:30  INFO 15372 --- [SimpleApplication] [main] o.apache.catalina.core.StandardService   : Starting service [Tomcat]
2024-03-29T11:56:36.183+05:30  INFO 15372 --- [SimpleApplication] [main] o.apache.catalina.core.StandardEngine    : Starting Servlet engine: [Apache Tomcat/10.1.19]
2024-03-29T11:56:36.225+05:30  INFO 15372 --- [SimpleApplication] [main] o.a.c.c.C.[Tomcat].[localhost].[/]       : Initializing Spring embedded WebApplicationContext
2024-03-29T11:56:36.226+05:30  INFO 15372 --- [SimpleApplication] [main] w.s.c.ServletWebServerApplicationContext : Root WebApplicationContext: initialization completed in 625 ms
2024-03-29T11:56:36.485+05:30  INFO 15372 --- [SimpleApplication] [main] o.s.b.w.embedded.tomcat.TomcatWebServer  : Tomcat started on port 8094 (http) with context path ''
2024-03-29T11:56:36.494+05:30  INFO 15372 --- [SimpleApplication] [main] c.n.SimpleApplication.SimpleApplication  : Started SimpleApplication in 1.237 seconds (process running for 1.779)
2024-03-29T11:56:42.722+05:30  INFO 15372 --- [SimpleApplication] [http-nio-8094-exec-3] o.a.c.c.C.[Tomcat].[localhost].[/]       : Initializing Spring DispatcherServlet 'dispatcherServlet'
2024-03-29T11:56:42.722+05:30  INFO 15372 --- [SimpleApplication] [http-nio-8094-exec-3] o.s.web.servlet.DispatcherServlet        : Initializing Servlet 'dispatcherServlet'
2024-03-29T11:56:42.723+05:30  INFO 15372 --- [SimpleApplication] [http-nio-8094-exec-3] o.s.web.servlet.DispatcherServlet        : Completed initialization in 1 ms
2024-03-29T13:31:12.657+05:30  INFO 18576 --- [SimpleApplication] [main] c.n.S.ControllerTest.UserControllerTest  : Starting UserControllerTest using Java 17.0.9 with PID 18576 (started by roshanbhatia in C:\Users\roshanbhatia\Documents\workspace-spring-tool-suite-4-4.21.0.RELEASE\SimpleApplication)
2024-03-29T13:31:12.659+05:30  INFO 18576 --- [SimpleApplication] [main] c.n.S.ControllerTest.UserControllerTest  : No active profile set, falling back to 1 default profile: "default"
2024-03-29T13:31:13.820+05:30  INFO 18576 --- [SimpleApplication] [main] o.s.b.t.m.w.SpringBootMockServletContext : Initializing Spring TestDispatcherServlet ''
2024-03-29T13:31:13.820+05:30  INFO 18576 --- [SimpleApplication] [main] o.s.t.web.servlet.TestDispatcherServlet  : Initializing Servlet ''
2024-03-29T13:31:13.821+05:30  INFO 18576 --- [SimpleApplication] [main] o.s.t.web.servlet.TestDispatcherServlet  : Completed initialization in 1 ms
2024-03-29T13:31:13.850+05:30  INFO 18576 --- [SimpleApplication] [main] c.n.S.ControllerTest.UserControllerTest  : Started UserControllerTest in 1.555 seconds (process running for 2.905)
2024-04-03 15:48:20.442  INFO 2672 --- [main] c.n.S.ControllerTest.UserControllerTest  : Starting UserControllerTest using Java 17.0.9 on LAPTOP-CNURUNO7 with PID 2672 (started by Roshan Bhatia in C:\Users\Roshan Bhatia\Downloads\SimpleApplication-main\SimpleApplication-main)
2024-04-03 15:48:20.444  INFO 2672 --- [main] c.n.S.ControllerTest.UserControllerTest  : No active profile set, falling back to 1 default profile: "default"
2024-04-03 15:48:22.487  INFO 2672 --- [main] o.s.b.t.m.w.SpringBootMockServletContext : Initializing Spring TestDispatcherServlet ''
2024-04-03 15:48:22.488  INFO 2672 --- [main] o.s.t.web.servlet.TestDispatcherServlet  : Initializing Servlet ''
2024-04-03 15:48:22.490  INFO 2672 --- [main] o.s.t.web.servlet.TestDispatcherServlet  : Completed initialization in 1 ms
2024-04-03 15:48:22.521  INFO 2672 --- [main] c.n.S.ControllerTest.UserControllerTest  : Started UserControllerTest in 2.645 seconds (JVM running for 4.25)
2024-04-03 15:48:23.341  INFO 2672 --- [main] .b.t.c.SpringBootTestContextBootstrapper : Neither @ContextConfiguration nor @ContextHierarchy found for test class [com.nagarro.SimpleApplication.SimpleApplicationTests], using SpringBootContextLoader
2024-04-03 15:48:23.343  INFO 2672 --- [main] o.s.t.c.support.AbstractContextLoader    : Could not detect default resource locations for test class [com.nagarro.SimpleApplication.SimpleApplicationTests]: no resource found for suffixes {-context.xml, Context.groovy}.
2024-04-03 15:48:23.343  INFO 2672 --- [main] t.c.s.AnnotationConfigContextLoaderUtils : Could not detect default configuration classes for test class [com.nagarro.SimpleApplication.SimpleApplicationTests]: SimpleApplicationTests does not declare any static, non-private, non-final, nested classes annotated with @Configuration.
2024-04-03 15:48:23.351  INFO 2672 --- [main] .b.t.c.SpringBootTestContextBootstrapper : Found @SpringBootConfiguration com.nagarro.SimpleApplication.SimpleApplication for test class com.nagarro.SimpleApplication.SimpleApplicationTests
2024-04-03 15:48:23.355  INFO 2672 --- [main] .b.t.c.SpringBootTestContextBootstrapper : Loaded default TestExecutionListener class names from location [META-INF/spring.factories]: [org.springframework.boot.test.mock.mockito.MockitoTestExecutionListener, org.springframework.boot.test.mock.mockito.ResetMocksTestExecutionListener, org.springframework.boot.test.autoconfigure.restdocs.RestDocsTestExecutionListener, org.springframework.boot.test.autoconfigure.web.client.MockRestServiceServerResetTestExecutionListener, org.springframework.boot.test.autoconfigure.web.servlet.MockMvcPrintOnlyOnFailureTestExecutionListener, org.springframework.boot.test.autoconfigure.web.servlet.WebDriverTestExecutionListener, org.springframework.boot.test.autoconfigure.webservices.client.MockWebServiceServerTestExecutionListener, org.springframework.test.context.web.ServletTestExecutionListener, org.springframework.test.context.support.DirtiesContextBeforeModesTestExecutionListener, org.springframework.test.context.event.ApplicationEventsTestExecutionListener, org.springframework.test.context.support.DependencyInjectionTestExecutionListener, org.springframework.test.context.support.DirtiesContextTestExecutionListener, org.springframework.test.context.transaction.TransactionalTestExecutionListener, org.springframework.test.context.jdbc.SqlScriptsTestExecutionListener, org.springframework.test.context.event.EventPublishingTestExecutionListener]
2024-04-03 15:48:23.357  INFO 2672 --- [main] .b.t.c.SpringBootTestContextBootstrapper : Using TestExecutionListeners: [org.springframework.test.context.web.ServletTestExecutionListener@79add732, org.springframework.test.context.support.DirtiesContextBeforeModesTestExecutionListener@3be3e76c, org.springframework.test.context.event.ApplicationEventsTestExecutionListener@6c07ad6b, org.springframework.boot.test.mock.mockito.MockitoTestExecutionListener@10ed037a, org.springframework.boot.test.autoconfigure.SpringBootDependencyInjectionTestExecutionListener@76e4212, org.springframework.test.context.support.DirtiesContextTestExecutionListener@23121d14, org.springframework.test.context.event.EventPublishingTestExecutionListener@72af90e8, org.springframework.boot.test.mock.mockito.ResetMocksTestExecutionListener@aa1bb14, org.springframework.boot.test.autoconfigure.restdocs.RestDocsTestExecutionListener@7faa0680, org.springframework.boot.test.autoconfigure.web.client.MockRestServiceServerResetTestExecutionListener@4c635edc, org.springframework.boot.test.autoconfigure.web.servlet.MockMvcPrintOnlyOnFailureTestExecutionListener@4245bf68, org.springframework.boot.test.autoconfigure.web.servlet.WebDriverTestExecutionListener@45bbc52f, org.springframework.boot.test.autoconfigure.webservices.client.MockWebServiceServerTestExecutionListener@6a8a551e]
2024-04-03 15:48:23.417  INFO 2672 --- [main] c.n.S.SimpleApplicationTests             : Starting SimpleApplicationTests using Java 17.0.9 on LAPTOP-CNURUNO7 with PID 2672 (started by Roshan Bhatia in C:\Users\Roshan Bhatia\Downloads\SimpleApplication-main\SimpleApplication-main)
2024-04-03 15:48:23.418  INFO 2672 --- [main] c.n.S.SimpleApplicationTests             : No active profile set, falling back to 1 default profile: "default"
2024-04-03 15:48:24.118  INFO 2672 --- [main] c.n.S.SimpleApplicationTests             : Started SimpleApplicationTests in 0.758 seconds (JVM running for 5.847)
